
--------------------------------------------------
TXLib сообщает:

Программа: C:\Users\root\source\repos\Project2023\Project2023.exe, файл: c:\codeblocks\mingw\include\txlib.h, строка: 13657, функция: bool {anonymous}::TX::txTransparentBlt(HDC, double, double, double, double, HDC, double, double, COLORREF),

Сообщение: Параметр "sourceImage" неверен. Возможно, этот холст не создан, или уже уничтожен, или не загрузилась картинка.

#1: TXLib [Ver: 00173a, Rev: 171, Date: 2021-07-19 01:45:49 +0400], Instance: 0x004F42FC (32-bit), Flags: CMdRE0, Thread: 0x3BAC (Main), GetLastError(): 13 (Недопустимые данные). 

--------------------------------------------------
Стек вызовов:

# 0 0x004173D3 in C:\Users\root\source\repos\Project2023\Project2023.exe: txTransparentBlt() at c:/codeblocks/mingw/include/txlib.h (13657)

# 1 0x0041D9FA in C:\Users\root\source\repos\Project2023\Project2023.exe: main() at C:/Users/root/source/repos/Project2023/main.cpp (52):

     50:         if(clickButton(250))
     51:         {
=>   52:             txTransparentBlt (txDC(), 100, 200, 300, 900, pic2, 0, 0, TX_WHITE);
     53:         }
     54: 

--------------------------------------------------
Developed with:

The Dumb Artist Library (TX Library)
TXLib [Ver: 00173a, Rev: 171, Date: 2021-07-19 01:45:49 +0400]
Copyright (C) Ded (Ilya Dedinsky, http://txlib.ru) <mail@txlib.ru>
See license on: http://txlib.ru

TXLib file:	c:\codeblocks\mingw\include\txlib.h
Compiled:	Sep 15 2023 19:55:30, GNU g++ 4.8.1, std=201103L, MinGW Runtime 3.20, 32-bit, Debug
Started:	Sep 18 2023 13:52:02

Run file:	C:\Users\root\source\repos\Project2023\Project2023.exe
Directory:	C:\Users\root\source\repos\Project2023

--------------------------------------------------
